<?xml version="1.0" encoding="UTF-8"?>
<!-- Generated by org.testng.reporters.JUnitXMLReporter -->
<testsuite ignored="0" hostname="Venkat-Dell" failures="1" tests="1" name="chrome automation tests" time="94.269" errors="0" timestamp="2024-09-11T18:58:29 EDT">
  <testcase classname="io.cucumber.testng.AbstractTestNGCucumberTests" name="runScenario" time="85.741">
    <failure type="java.lang.AssertionError" message="Element____User_Name_Text_Field_is_not_visible expected [true] but found [false]">
      <![CDATA[java.lang.AssertionError: Element____User_Name_Text_Field_is_not_visible expected [true] but found [false]
at com.anikasystems.common.reports.CReporter.failureReport(CReporter.java:1288)
at seleniumUtilities.GenericMethods.waitForVisibilityOfElement(GenericMethods.java:272)
at river.pages.LoginPage.enterUserName(LoginPage.java:85)
at river.pages.LoginPage.login(LoginPage.java:64)
at river.pages.LoginPage.loginIntoRiverApp(LoginPage.java:55)
at river.steps.IntervieweeformSteps.user_is_on_the_declaration_for_interpreted_uscis_interview_page(IntervieweeformSteps.java:13)
at âœ½.User is on the Declaration for interpreted USCIS interview page(file:///C:/Venkat/Work/workspace/river-automation/src/test/resources/riverfeatures/Intervieweeform.feature:7)
... Removed 3 stack frames]]>
    </failure>
  </testcase> <!-- runScenario -->
</testsuite> <!-- chrome automation tests -->
