<?xml version="1.0" encoding="UTF-8"?>
<testng-results ignored="0" total="1" passed="0" failed="1" skipped="0">
  <reporter-output>
  </reporter-output>
  <suite started-at="2024-09-11T18:56:55 EDT" name="Suite" finished-at="2024-09-11T18:58:29 EDT" duration-ms="94269">
    <groups>
      <group name="cucumber">
        <method signature="AbstractTestNGCucumberTests.runScenario(io.cucumber.testng.PickleWrapper,io.cucumber.testng.FeatureWrapper)[pri:0, instance:river.common.RiverConfigTests@3cce57c7]" name="runScenario" class="io.cucumber.testng.AbstractTestNGCucumberTests"/>
      </group> <!-- cucumber -->
    </groups>
    <test started-at="2024-09-11T18:56:55 EDT" name="chrome automation tests" finished-at="2024-09-11T18:58:29 EDT" duration-ms="94269">
      <class name="river.common.RiverConfigTests">
        <test-method is-config="true" signature="setUpClass(org.testng.ITestContext)[pri:0, instance:river.common.RiverConfigTests@3cce57c7]" started-at="2024-09-11T18:56:55 EDT" name="setUpClass" finished-at="2024-09-11T18:56:56 EDT" duration-ms="680" status="PASS">
          <params>
            <param index="0">
              <value>
                <![CDATA[org.testng.TestRunner@544d57e]]>
              </value>
            </param>
          </params>
          <reporter-output>
          </reporter-output>
        </test-method> <!-- setUpClass -->
        <test-method is-config="true" signature="beforeTest(java.lang.String,java.lang.String,java.lang.String,java.lang.String,java.lang.String,java.lang.String)[pri:0, instance:river.common.RiverConfigTests@3cce57c7]" started-at="2024-09-11T18:56:56 EDT" name="beforeTest" finished-at="2024-09-11T18:57:03 EDT" duration-ms="7531" status="PASS">
          <params>
            <param index="0">
              <value>
                <![CDATA[selenium]]>
              </value>
            </param>
            <param index="1">
              <value>
                <![CDATA[chrome]]>
              </value>
            </param>
            <param index="2">
              <value>
                <![CDATA[75]]>
              </value>
            </param>
            <param index="3">
              <value>
                <![CDATA[local]]>
              </value>
            </param>
            <param index="4">
              <value>
                <![CDATA[windows 10]]>
              </value>
            </param>
            <param index="5">
              <value>
                <![CDATA[River]]>
              </value>
            </param>
          </params>
          <reporter-output>
          </reporter-output>
        </test-method> <!-- beforeTest -->
        <test-method signature="runScenario(io.cucumber.testng.PickleWrapper,io.cucumber.testng.FeatureWrapper)[pri:0, instance:river.common.RiverConfigTests@3cce57c7]" started-at="2024-09-11T18:57:03 EDT" name="runScenario" description="Runs Cucumber Scenarios" data-provider="scenarios" finished-at="2024-09-11T18:58:29 EDT" duration-ms="85741" status="FAIL">
          <params>
            <param index="0">
              <value>
                <![CDATA["Language information is saved so the form can be completed and submitted later"]]>
              </value>
            </param>
            <param index="1">
              <value>
                <![CDATA["Optional[Interviewee form]"]]>
              </value>
            </param>
          </params>
          <exception class="java.lang.AssertionError">
            <message>
              <![CDATA[Element____User_Name_Text_Field_is_not_visible expected [true] but found [false]]]>
            </message>
            <full-stacktrace>
              <![CDATA[java.lang.AssertionError: Element____User_Name_Text_Field_is_not_visible expected [true] but found [false]
at org.testng.Assert.fail(Assert.java:99)
at org.testng.Assert.failNotEquals(Assert.java:1037)
at org.testng.Assert.assertTrue(Assert.java:45)
at com.anikasystems.common.reports.CReporter.failureReport(CReporter.java:1288)
at seleniumUtilities.GenericMethods.waitForVisibilityOfElement(GenericMethods.java:272)
at river.pages.LoginPage.enterUserName(LoginPage.java:85)
at river.pages.LoginPage.login(LoginPage.java:64)
at river.pages.LoginPage.loginIntoRiverApp(LoginPage.java:55)
at river.steps.IntervieweeformSteps.user_is_on_the_declaration_for_interpreted_uscis_interview_page(IntervieweeformSteps.java:13)
at âœ½.User is on the Declaration for interpreted USCIS interview page(file:///C:/Venkat/Work/workspace/river-automation/src/test/resources/riverfeatures/Intervieweeform.feature:7)
]]>
            </full-stacktrace>
          </exception> <!-- java.lang.AssertionError -->
          <reporter-output>
          </reporter-output>
        </test-method> <!-- runScenario -->
        <test-method is-config="true" signature="tearDownClass()[pri:0, instance:river.common.RiverConfigTests@3cce57c7]" started-at="2024-09-11T18:58:29 EDT" name="tearDownClass" finished-at="2024-09-11T18:58:29 EDT" duration-ms="253" status="PASS">
          <reporter-output>
          </reporter-output>
        </test-method> <!-- tearDownClass -->
        <test-method is-config="true" signature="afterSuite()[pri:0, instance:river.common.RiverConfigTests@3cce57c7]" started-at="2024-09-11T18:58:29 EDT" name="afterSuite" finished-at="2024-09-11T18:58:30 EDT" duration-ms="459" status="PASS">
          <reporter-output>
          </reporter-output>
        </test-method> <!-- afterSuite -->
      </class> <!-- river.common.RiverConfigTests -->
    </test> <!-- chrome automation tests -->
  </suite> <!-- Suite -->
</testng-results>
