<?xml version="1.0" encoding="UTF-8"?><testsuite errors="0" failures="4" name="io.cucumber.core.plugin.JUnitFormatter" skipped="0" tests="4" time="57.515">
<testcase classname="Interviewee form" name="Language information is saved so the form can be completed and submitted later" time="50.002">
<failure message="Element____User_Name_Text_Field_is_not_visible expected [true] but found [false]" type="java.lang.AssertionError"><![CDATA[Given On Login Screen I logged in to River..................................failed
And User is on the Declaration for interpreted USCIS interview page.........skipped
When the user clicks "Declare an interpreter"...............................skipped
Then the user is redirected to the "Personal information" page..............skipped

StackTrace:
java.lang.AssertionError: Element____User_Name_Text_Field_is_not_visible expected [true] but found [false]
	at org.testng.Assert.fail(Assert.java:99)
	at org.testng.Assert.failNotEquals(Assert.java:1037)
	at org.testng.Assert.assertTrue(Assert.java:45)
	at com.anikasystems.common.reports.CReporter.failureReport(CReporter.java:1288)
	at seleniumUtilities.GenericMethods.waitForVisibilityOfElement(GenericMethods.java:272)
	at river.pages.LoginPage.enterUserName(LoginPage.java:86)
	at river.pages.LoginPage.login(LoginPage.java:63)
	at river.pages.LoginPage.loginIntoRiverApp(LoginPage.java:54)
	at river.steps.LoginSteps.on_Login_Screen_i_logged_in_to_RiverApp(LoginSteps.java:15)
	at ✽.On Login Screen I logged in to River(file:///C:/Venkat/Work/workspace/river-automation/src/test/resources/riverfeatures/Intervieweeform.feature:6)
]]></failure>
</testcase>
<testcase classname="River Test Cases" name="Save Draft" time="0.003">
<failure message="The scenario has pending or undefined step(s)" type="java.lang.Exception"><![CDATA[Given the user is logged in.................................................undefined
When the user navigates to the 'File a form' page...........................skipped
And the user selects 'Declaration for interpreted USCIS interview'..........skipped
And the user reviews the instructions.......................................skipped
And the user declares an interpreter........................................skipped
And the user selects 'preferred language'...................................skipped
Then the information entered should be saved to be completed later..........skipped
]]></failure>
</testcase>
<testcase classname="River Test Cases" name="Submit declaration with all fields" time="0.002">
<failure message="The scenario has pending or undefined step(s)" type="java.lang.Exception"><![CDATA[Given the user is logged in.................................................undefined
When the user navigates to the 'File a form' page...........................skipped
And the user selects 'Declaration for interpreted USCIS interview'..........skipped
And the user declares an interpreter with all fields filled.................skipped
Then the form should be submitted successfully..............................skipped
]]></failure>
</testcase>
<testcase classname="Homepage Verification" name="Verify that the homepage loads correctly" time="0.006">
<failure message="The driver executable does not exist: C:\Venkat\Work\workspace\river-automation\path\to\chromedriver" type="java.lang.IllegalStateException"><![CDATA[Given I navigate to the homepage............................................failed
Then I should see the website logo..........................................skipped
And I should see the main heading...........................................skipped

StackTrace:
java.lang.IllegalStateException: The driver executable does not exist: C:\Venkat\Work\workspace\river-automation\path\to\chromedriver
	at com.google.common.base.Preconditions.checkState(Preconditions.java:585)
	at org.openqa.selenium.remote.service.DriverService.checkExecutable(DriverService.java:146)
	at org.openqa.selenium.remote.service.DriverService.findExecutable(DriverService.java:141)
	at org.openqa.selenium.chrome.ChromeDriverService.access$000(ChromeDriverService.java:35)
	at org.openqa.selenium.chrome.ChromeDriverService$Builder.findDefaultExecutable(ChromeDriverService.java:159)
	at org.openqa.selenium.remote.service.DriverService$Builder.build(DriverService.java:355)
	at org.openqa.selenium.chrome.ChromeDriverService.createDefaultService(ChromeDriverService.java:94)
	at org.openqa.selenium.chrome.ChromeDriver.<init>(ChromeDriver.java:123)
	at river.steps.HomePageSteps.iNavigateToTheHomepage(HomePageSteps.java:20)
	at ✽.I navigate to the homepage(file:///C:/Venkat/Work/workspace/river-automation/src/test/resources/riverfeatures/homepage.feature:24)
]]></failure>
</testcase>
</testsuite>
